Flow report for DE10Nano_System
Wed May  6 22:15:18 2020
Quartus Prime Version 18.0.0 Build 614 04/24/2018 SJ Lite Edition


---------------------
; Table of Contents ;
---------------------
  1. Legal Notice
  2. Flow Summary
  3. Flow Settings
  4. Flow Non-Default Global Settings
  5. Flow Elapsed Time
  6. Flow OS Summary
  7. Flow Log
  8. Flow Messages
  9. Flow Suppressed Messages



----------------
; Legal Notice ;
----------------
Copyright (C) 2018  Intel Corporation. All rights reserved.
Your use of Intel Corporation's design tools, logic functions 
and other software and tools, and its AMPP partner logic 
functions, and any output files from any of the foregoing 
(including device programming or simulation files), and any 
associated documentation or information are expressly subject 
to the terms and conditions of the Intel Program License 
Subscription Agreement, the Intel Quartus Prime License Agreement,
the Intel FPGA IP License Agreement, or other applicable license
agreement, including, without limitation, that your use is for
the sole purpose of programming logic devices manufactured by
Intel and sold by Intel or its authorized distributors.  Please
refer to the applicable agreement for further details.



+-------------------------------------------------------------------------------+
; Flow Summary                                                                  ;
+---------------------------------+---------------------------------------------+
; Flow Status                     ; Successful - Wed May  6 22:14:27 2020       ;
; Quartus Prime Version           ; 18.0.0 Build 614 04/24/2018 SJ Lite Edition ;
; Revision Name                   ; DE10Nano_System                             ;
; Top-level Entity Name           ; DE10Nano_System                             ;
; Family                          ; Cyclone V                                   ;
; Device                          ; 5CSEBA6U23I7                                ;
; Timing Models                   ; Final                                       ;
; Logic utilization (in ALMs)     ; 3,011 / 41,910 ( 7 % )                      ;
; Total registers                 ; 2445                                        ;
; Total pins                      ; 230 / 314 ( 73 % )                          ;
; Total virtual pins              ; 0                                           ;
; Total block memory bits         ; 525,312 / 5,662,720 ( 9 % )                 ;
; Total DSP Blocks                ; 12 / 112 ( 11 % )                           ;
; Total HSSI RX PCSs              ; 0                                           ;
; Total HSSI PMA RX Deserializers ; 0                                           ;
; Total HSSI TX PCSs              ; 0                                           ;
; Total HSSI PMA TX Serializers   ; 0                                           ;
; Total PLLs                      ; 1 / 6 ( 17 % )                              ;
; Total DLLs                      ; 1 / 4 ( 25 % )                              ;
+---------------------------------+---------------------------------------------+


+-----------------------------------------+
; Flow Settings                           ;
+-------------------+---------------------+
; Option            ; Setting             ;
+-------------------+---------------------+
; Start date & time ; 05/06/2020 22:06:58 ;
; Main task         ; Compilation         ;
; Revision Name     ; DE10Nano_System     ;
+-------------------+---------------------+


+----------------------------------------------------------------------------------------------------------------------------------------------------------------------------+
; Flow Non-Default Global Settings                                                                                                                                           ;
+-------------------------------------+--------------------------------------------------------------------------+---------------+------------------------------+------------+
; Assignment Name                     ; Value                                                                    ; Default Value ; Entity Name                  ; Section Id ;
+-------------------------------------+--------------------------------------------------------------------------+---------------+------------------------------+------------+
; COMPILER_SIGNATURE_ID               ; 172309003174937.158882441826647                                          ; --            ; --                           ; --         ;
; ENABLE_SIGNALTAP                    ; Off                                                                      ; --            ; --                           ; --         ;
; HPS_ISW_FILE                        ; soc_system/synthesis/submodules/sequencer/sdram_io.pre.h                 ; --            ; soc_system_hps_hps_io_border ; --         ;
; HPS_ISW_FILE                        ; soc_system/synthesis/submodules/sequencer/sequencer_auto_ac_init.pre.c   ; --            ; soc_system_hps_hps_io_border ; --         ;
; HPS_ISW_FILE                        ; soc_system/synthesis/submodules/sequencer/emif.pre.xml                   ; --            ; soc_system_hps_hps_io_border ; --         ;
; HPS_ISW_FILE                        ; soc_system/synthesis/submodules/sequencer/sequencer.pre.c                ; --            ; soc_system_hps_hps_io_border ; --         ;
; HPS_ISW_FILE                        ; soc_system/synthesis/submodules/sequencer/sequencer_auto.pre.h           ; --            ; soc_system_hps_hps_io_border ; --         ;
; HPS_ISW_FILE                        ; soc_system/synthesis/submodules/sequencer/alt_types.pre.h                ; --            ; soc_system_hps_hps_io_border ; --         ;
; HPS_ISW_FILE                        ; soc_system/synthesis/submodules/sequencer/sequencer_auto_inst_init.pre.c ; --            ; soc_system_hps_hps_io_border ; --         ;
; HPS_ISW_FILE                        ; soc_system/synthesis/submodules/sequencer/tclrpt.pre.c                   ; --            ; soc_system_hps_hps_io_border ; --         ;
; HPS_ISW_FILE                        ; soc_system/synthesis/submodules/sequencer/system.pre.h                   ; --            ; soc_system_hps_hps_io_border ; --         ;
; HPS_ISW_FILE                        ; soc_system/synthesis/submodules/sequencer/sequencer_defines.pre.h        ; --            ; soc_system_hps_hps_io_border ; --         ;
; HPS_ISW_FILE                        ; soc_system/synthesis/submodules/sequencer/sequencer.pre.h                ; --            ; soc_system_hps_hps_io_border ; --         ;
; HPS_ISW_FILE                        ; soc_system/synthesis/submodules/sequencer/tclrpt.pre.h                   ; --            ; soc_system_hps_hps_io_border ; --         ;
; HPS_ISW_FILE                        ; soc_system/synthesis/submodules/hps.pre.xml                              ; --            ; soc_system_hps_hps_io_border ; --         ;
; HPS_PARTITION                       ; On                                                                       ; --            ; soc_system_hps_hps_io_border ; --         ;
; MAX_CORE_JUNCTION_TEMP              ; 100                                                                      ; --            ; --                           ; --         ;
; MIN_CORE_JUNCTION_TEMP              ; -40                                                                      ; --            ; --                           ; --         ;
; MISC_FILE                           ; soc_system/synthesis/../soc_system.cmp                                   ; --            ; --                           ; --         ;
; MISC_FILE                           ; soc_system/synthesis/soc_system_hps_hps.svd                              ; --            ; --                           ; --         ;
; MISC_FILE                           ; soc_system/synthesis/../../soc_system.qsys                               ; --            ; --                           ; --         ;
; MISC_FILE                           ; soc_system/synthesis/submodules/sequencer/sdram_io.pre.h                 ; --            ; --                           ; --         ;
; MISC_FILE                           ; soc_system/synthesis/submodules/sequencer/sequencer_auto_ac_init.pre.c   ; --            ; --                           ; --         ;
; MISC_FILE                           ; soc_system/synthesis/submodules/sequencer/emif.pre.xml                   ; --            ; --                           ; --         ;
; MISC_FILE                           ; soc_system/synthesis/submodules/sequencer/sequencer.pre.c                ; --            ; --                           ; --         ;
; MISC_FILE                           ; soc_system/synthesis/submodules/sequencer/sequencer_auto.pre.h           ; --            ; --                           ; --         ;
; MISC_FILE                           ; soc_system/synthesis/submodules/sequencer/alt_types.pre.h                ; --            ; --                           ; --         ;
; MISC_FILE                           ; soc_system/synthesis/submodules/sequencer/sequencer_auto_inst_init.pre.c ; --            ; --                           ; --         ;
; MISC_FILE                           ; soc_system/synthesis/submodules/sequencer/tclrpt.pre.c                   ; --            ; --                           ; --         ;
; MISC_FILE                           ; soc_system/synthesis/submodules/sequencer/system.pre.h                   ; --            ; --                           ; --         ;
; MISC_FILE                           ; soc_system/synthesis/submodules/sequencer/sequencer_defines.pre.h        ; --            ; --                           ; --         ;
; MISC_FILE                           ; soc_system/synthesis/submodules/sequencer/sequencer.pre.h                ; --            ; --                           ; --         ;
; MISC_FILE                           ; soc_system/synthesis/submodules/sequencer/tclrpt.pre.h                   ; --            ; --                           ; --         ;
; MISC_FILE                           ; soc_system/synthesis/submodules/hps.pre.xml                              ; --            ; --                           ; --         ;
; PARTITION_COLOR                     ; -- (Not supported for targeted family)                                   ; --            ; --                           ; Top        ;
; PARTITION_FITTER_PRESERVATION_LEVEL ; -- (Not supported for targeted family)                                   ; --            ; --                           ; Top        ;
; PARTITION_NETLIST_TYPE              ; -- (Not supported for targeted family)                                   ; --            ; --                           ; Top        ;
; POWER_BOARD_THERMAL_MODEL           ; None (CONSERVATIVE)                                                      ; --            ; --                           ; --         ;
; POWER_PRESET_COOLING_SOLUTION       ; 23 MM HEAT SINK WITH 200 LFPM AIRFLOW                                    ; --            ; --                           ; --         ;
; PROJECT_OUTPUT_DIRECTORY            ; output_files                                                             ; --            ; --                           ; --         ;
; SEARCH_PATH                         ; ../../component_library/serdes                                           ; --            ; --                           ; --         ;
; SLD_FILE                            ; soc_system/synthesis/soc_system.regmap                                   ; --            ; --                           ; --         ;
; SLD_FILE                            ; soc_system/synthesis/soc_system.debuginfo                                ; --            ; --                           ; --         ;
; SLD_INFO                            ; QSYS_NAME soc_system HAS_SOPCINFO 1 GENERATION_ID 1588823188             ; --            ; soc_system                   ; --         ;
; SOPCINFO_FILE                       ; soc_system/synthesis/../../soc_system.sopcinfo                           ; --            ; --                           ; --         ;
; SYNTHESIS_ONLY_QIP                  ; On                                                                       ; --            ; --                           ; --         ;
; USE_SIGNALTAP_FILE                  ; output_files/stp1.stp                                                    ; --            ; --                           ; --         ;
+-------------------------------------+--------------------------------------------------------------------------+---------------+------------------------------+------------+


+--------------------------------------------------------------------------------------------------------------------------+
; Flow Elapsed Time                                                                                                        ;
+----------------------+--------------+-------------------------+---------------------+------------------------------------+
; Module Name          ; Elapsed Time ; Average Processors Used ; Peak Virtual Memory ; Total CPU Time (on all processors) ;
+----------------------+--------------+-------------------------+---------------------+------------------------------------+
; Analysis & Synthesis ; 00:00:47     ; 1.0                     ; 1390 MB             ; 00:01:18                           ;
; Fitter               ; 00:03:11     ; 1.2                     ; 3377 MB             ; 00:06:14                           ;
; Assembler            ; 00:00:12     ; 1.0                     ; 1081 MB             ; 00:00:12                           ;
; Timing Analyzer      ; 00:00:49     ; 1.8                     ; 2173 MB             ; 00:01:14                           ;
; Total                ; 00:04:59     ; --                      ; --                  ; 00:08:58                           ;
+----------------------+--------------+-------------------------+---------------------+------------------------------------+


+----------------------------------------------------------------------------------+
; Flow OS Summary                                                                  ;
+----------------------+------------------+----------+------------+----------------+
; Module Name          ; Machine Hostname ; OS Name  ; OS Version ; Processor type ;
+----------------------+------------------+----------+------------+----------------+
; Analysis & Synthesis ; alex-XPS-13-9360 ; KDE neon ; 5          ; x86_64         ;
; Fitter               ; alex-XPS-13-9360 ; KDE neon ; 5          ; x86_64         ;
; Assembler            ; alex-XPS-13-9360 ; KDE neon ; 5          ; x86_64         ;
; Timing Analyzer      ; alex-XPS-13-9360 ; KDE neon ; 5          ; x86_64         ;
+----------------------+------------------+----------+------------+----------------+


------------
; Flow Log ;
------------
quartus_map --read_settings_files=on --write_settings_files=off DE10Nano_System -c DE10Nano_System
quartus_fit --read_settings_files=off --write_settings_files=off DE10Nano_System -c DE10Nano_System
quartus_asm --read_settings_files=off --write_settings_files=off DE10Nano_System -c DE10Nano_System
quartus_sta DE10Nano_System -c DE10Nano_System



